<?xml version="1.0" encoding="UTF-8"?>
<testng-results skipped="0" failed="0" ignored="0" total="1" passed="1">
  <reporter-output>
  </reporter-output>
  <suite name="Default suite" duration-ms="29" started-at="2017-10-17T07:03:06Z" finished-at="2017-10-17T07:03:06Z">
    <groups>
    </groups>
    <test name="Default test" duration-ms="29" started-at="2017-10-17T07:03:06Z" finished-at="2017-10-17T07:03:06Z">
      <class name="com.mycompany.test.automation_framework.testCases.testPrint">
        <test-method status="PASS" signature="test()[pri:0, instance:com.mycompany.test.automation_framework.testCases.testPrint@231aaee1]" name="test" duration-ms="10" started-at="2017-10-17T00:03:06Z" finished-at="2017-10-17T00:03:06Z">
          <reporter-output>
          </reporter-output>
        </test-method> <!-- test -->
      </class> <!-- com.mycompany.test.automation_framework.testCases.testPrint -->
    </test> <!-- Default test -->
  </suite> <!-- Default suite -->
</testng-results>
